<?xml version="1.0" encoding="UTF-8"?>
<testng-results ignored="0" total="1" passed="1" failed="0" skipped="0">
  <reporter-output>
  </reporter-output>
  <suite started-at="2022-02-22T14:14:02 GMT+08:00" name="Default suite" finished-at="2022-02-22T14:14:20 GMT+08:00" duration-ms="17361">
    <groups>
    </groups>
    <test started-at="2022-02-22T14:14:02 GMT+08:00" name="Default test" finished-at="2022-02-22T14:14:20 GMT+08:00" duration-ms="17361">
      <class name="com.sddevops.selenium_maven.eclipse.NewTest">
        <test-method is-config="true" signature="beforeTest()[pri:0, instance:com.sddevops.selenium_maven.eclipse.NewTest@8462f31]" started-at="2022-02-22T14:14:02 GMT+08:00" name="beforeTest" finished-at="2022-02-22T14:14:02 GMT+08:00" duration-ms="9" status="PASS">
          <reporter-output>
          </reporter-output>
        </test-method> <!-- beforeTest -->
        <test-method signature="f()[pri:0, instance:com.sddevops.selenium_maven.eclipse.NewTest@8462f31]" started-at="2022-02-22T14:14:02 GMT+08:00" name="f" finished-at="2022-02-22T14:14:20 GMT+08:00" duration-ms="17306" status="PASS">
          <reporter-output>
          </reporter-output>
        </test-method> <!-- f -->
        <test-method is-config="true" signature="afterTest()[pri:0, instance:com.sddevops.selenium_maven.eclipse.NewTest@8462f31]" started-at="2022-02-22T14:14:20 GMT+08:00" name="afterTest" finished-at="2022-02-22T14:14:20 GMT+08:00" duration-ms="2" status="PASS">
          <reporter-output>
          </reporter-output>
        </test-method> <!-- afterTest -->
      </class> <!-- com.sddevops.selenium_maven.eclipse.NewTest -->
    </test> <!-- Default test -->
  </suite> <!-- Default suite -->
</testng-results>
