<?xml version="1.0" encoding="UTF-8"?>
<testng-results ignored="0" total="1" passed="1" failed="0" skipped="0">
  <reporter-output>
  </reporter-output>
  <suite started-at="2022-02-23T15:32:14 SGT" name="Default suite" finished-at="2022-02-23T15:32:27 SGT" duration-ms="12683">
    <groups>
    </groups>
    <test started-at="2022-02-23T15:32:14 SGT" name="Default test" finished-at="2022-02-23T15:32:27 SGT" duration-ms="12683">
      <class name="ProjTest">
        <test-method is-config="true" signature="beforeTest()[pri:0, instance:ProjTest@6c779568]" started-at="2022-02-23T15:32:14 SGT" name="beforeTest" finished-at="2022-02-23T15:32:14 SGT" duration-ms="10" status="PASS">
          <reporter-output>
          </reporter-output>
        </test-method> <!-- beforeTest -->
        <test-method signature="f()[pri:0, instance:ProjTest@6c779568]" started-at="2022-02-23T15:32:14 SGT" name="f" finished-at="2022-02-23T15:32:27 SGT" duration-ms="12650" status="PASS">
          <reporter-output>
          </reporter-output>
        </test-method> <!-- f -->
        <test-method is-config="true" signature="afterTest()[pri:0, instance:ProjTest@6c779568]" started-at="2022-02-23T15:32:27 SGT" name="afterTest" finished-at="2022-02-23T15:32:27 SGT" duration-ms="0" status="PASS">
          <reporter-output>
          </reporter-output>
        </test-method> <!-- afterTest -->
      </class> <!-- ProjTest -->
    </test> <!-- Default test -->
  </suite> <!-- Default suite -->
</testng-results>
